<?xml version="1.0" encoding="UTF-8"?>
<!-- Generated by org.testng.reporters.JUnitReportReporter -->
<testsuite hostname="Tanmay" failures="0" tests="1" name="testRunnerPackage.TestRunner1" time="0.161" errors="1" timestamp="2025-08-04T15:30:00 IST" skipped="0">
  <testcase classname="testRunnerPackage.TestRunner1" name="runScenario" time="0.161">
    <error message="Cannot invoke &quot;org.openqa.selenium.WebDriver.get(String)&quot; because the return value of &quot;com.orangeHRM.genericPackage.InitObjects.getWebDriver()&quot; is null" type="java.lang.NullPointerException">
      <![CDATA[java.lang.NullPointerException: Cannot invoke "org.openqa.selenium.WebDriver.get(String)" because the return value of "com.orangeHRM.genericPackage.InitObjects.getWebDriver()" is null
at stepDefinations.loginDefinations.users_should_be_navigate_to_by_opening_the_chrome_browser(loginDefinations.java:16)
at ✽.users should be navigate to "https://opensource-demo.orangehrmlive.com/web/index.php/auth/login" by opening the chrome browser(file:///E:/tanmayworkspace/OrangeHRMProject/Features/OrangeHRM.feature:23)
]]>
    </error>
  </testcase> <!-- runScenario -->
</testsuite> <!-- testRunnerPackage.TestRunner1 -->
