<?xml version="1.0" encoding="UTF-8"?>
<!-- Generated by org.testng.reporters.JUnitXMLReporter -->
<testsuite ignored="0" hostname="DESKTOP-FLJ34K1" failures="0" tests="6" name="DemoWebShop_Test" time="0.087" errors="0" timestamp="2024-05-03T18:10:20 IST">
  <testcase classname="working_with_TestNgExecution.GroupExceution1" name="AddToCartTest" time="0.008"/>
  <testcase classname="working_with_TestNgExecution.GroupExceution1" name="SubscribeTest" time="0.002"/>
  <testcase classname="working_with_TestNgExecution.GroupExceution1" name="VoteTest" time="0.002"/>
  <testcase classname="working_with_TestNgExecution.GroupExecution" name="LoginTest" time="0.001"/>
  <testcase classname="working_with_TestNgExecution.GroupExecution" name="RegisterTest" time="0.002"/>
  <testcase classname="working_with_TestNgExecution.GroupExecution" name="SearchTest" time="0.002"/>
</testsuite> <!-- DemoWebShop_Test -->
