<?xml version="1.0" encoding="UTF-8"?>
<testng-results ignored="0" total="1" passed="0" failed="1" skipped="0">
  <reporter-output>
  </reporter-output>
  <suite started-at="2025-08-04T15:29:58 IST" name="Default suite" finished-at="2025-08-04T15:30:00 IST" duration-ms="1431">
    <groups>
      <group name="cucumber">
        <method signature="AbstractTestNGCucumberTests.runScenario(io.cucumber.testng.PickleWrapper,io.cucumber.testng.FeatureWrapper)[pri:0, instance:testRunnerPackage.TestRunner1@57a78e3]" name="runScenario" class="io.cucumber.testng.AbstractTestNGCucumberTests"/>
      </group> <!-- cucumber -->
    </groups>
    <test started-at="2025-08-04T15:29:58 IST" name="Default test" finished-at="2025-08-04T15:30:00 IST" duration-ms="1431">
      <class name="testRunnerPackage.TestRunner1">
        <test-method is-config="true" signature="setUpClass(org.testng.ITestContext)[pri:0, instance:testRunnerPackage.TestRunner1@57a78e3]" started-at="2025-08-04T15:29:58 IST" name="setUpClass" finished-at="2025-08-04T15:30:00 IST" duration-ms="1130" status="PASS">
          <params>
            <param index="0">
              <value>
                <![CDATA[org.testng.TestRunner@47dd778]]>
              </value>
            </param>
          </params>
          <reporter-output>
          </reporter-output>
        </test-method> <!-- setUpClass -->
        <test-method signature="runScenario(io.cucumber.testng.PickleWrapper,io.cucumber.testng.FeatureWrapper)[pri:0, instance:testRunnerPackage.TestRunner1@57a78e3]" started-at="2025-08-04T15:30:00 IST" name="runScenario" description="Runs Cucumber Scenarios" data-provider="scenarios" finished-at="2025-08-04T15:30:00 IST" duration-ms="161" status="FAIL">
          <params>
            <param index="0">
              <value>
                <![CDATA["verify the login page with valid set of inputs"]]>
              </value>
            </param>
            <param index="1">
              <value>
                <![CDATA["login page Feature"]]>
              </value>
            </param>
          </params>
          <exception class="java.lang.NullPointerException">
            <message>
              <![CDATA[Cannot invoke "org.openqa.selenium.WebDriver.get(String)" because the return value of "com.orangeHRM.genericPackage.InitObjects.getWebDriver()" is null]]>
            </message>
            <full-stacktrace>
              <![CDATA[java.lang.NullPointerException: Cannot invoke "org.openqa.selenium.WebDriver.get(String)" because the return value of "com.orangeHRM.genericPackage.InitObjects.getWebDriver()" is null
at stepDefinations.loginDefinations.users_should_be_navigate_to_by_opening_the_chrome_browser(loginDefinations.java:16)
at ✽.users should be navigate to "https://opensource-demo.orangehrmlive.com/web/index.php/auth/login" by opening the chrome browser(file:///E:/tanmayworkspace/OrangeHRMProject/Features/OrangeHRM.feature:23)
]]>
            </full-stacktrace>
          </exception> <!-- java.lang.NullPointerException -->
          <reporter-output>
          </reporter-output>
        </test-method> <!-- runScenario -->
        <test-method is-config="true" signature="tearDownClass()[pri:0, instance:testRunnerPackage.TestRunner1@57a78e3]" started-at="2025-08-04T15:30:00 IST" name="tearDownClass" finished-at="2025-08-04T15:30:00 IST" duration-ms="55" status="PASS">
          <reporter-output>
          </reporter-output>
        </test-method> <!-- tearDownClass -->
      </class> <!-- testRunnerPackage.TestRunner1 -->
    </test> <!-- Default test -->
  </suite> <!-- Default suite -->
</testng-results>
