<?xml version="1.0" encoding="UTF-8"?>
<testng-results ignored="0" total="1" passed="1" failed="0" skipped="0">
  <reporter-output>
  </reporter-output>
  <suite started-at="2025-08-05T12:14:03 IST" name="Default suite" finished-at="2025-08-05T12:14:14 IST" duration-ms="11113">
    <groups>
    </groups>
    <test started-at="2025-08-05T12:14:03 IST" name="Default test" finished-at="2025-08-05T12:14:14 IST" duration-ms="11113">
      <class name="tests.ReportTest">
        <test-method is-config="true" signature="reportSetup()[pri:0, instance:tests.ReportTest@25ce9dc4]" started-at="2025-08-05T12:14:03 IST" name="reportSetup" finished-at="2025-08-05T12:14:03 IST" duration-ms="228" status="PASS">
          <reporter-output>
          </reporter-output>
        </test-method> <!-- reportSetup -->
        <test-method is-config="true" signature="setUp()[pri:0, instance:tests.ReportTest@25ce9dc4]" started-at="2025-08-05T12:14:03 IST" name="setUp" finished-at="2025-08-05T12:14:09 IST" duration-ms="6446" status="PASS">
          <reporter-output>
          </reporter-output>
        </test-method> <!-- setUp -->
        <test-method signature="searchTest()[pri:0, instance:tests.ReportTest@25ce9dc4]" started-at="2025-08-05T12:14:09 IST" name="searchTest" finished-at="2025-08-05T12:14:10 IST" duration-ms="660" status="PASS">
          <reporter-output>
          </reporter-output>
        </test-method> <!-- searchTest -->
        <test-method is-config="true" signature="tearDown()[pri:0, instance:tests.ReportTest@25ce9dc4]" started-at="2025-08-05T12:14:10 IST" name="tearDown" finished-at="2025-08-05T12:14:14 IST" duration-ms="3582" status="PASS">
          <reporter-output>
          </reporter-output>
        </test-method> <!-- tearDown -->
      </class> <!-- tests.ReportTest -->
    </test> <!-- Default test -->
  </suite> <!-- Default suite -->
</testng-results>
