<?xml version="1.0" encoding="UTF-8"?>
<!-- Generated by org.testng.reporters.JUnitXMLReporter -->
<testsuite ignored="0" hostname="Tanmay" failures="1" tests="1" name="Default test" time="1.431" errors="0" timestamp="2025-08-04T15:30:00 IST">
  <testcase classname="io.cucumber.testng.AbstractTestNGCucumberTests" name="runScenario" time="0.161">
    <failure type="java.lang.NullPointerException" message="Cannot invoke &amp;quot;org.openqa.selenium.WebDriver.get(String)&amp;quot; because the return value of &amp;quot;com.orangeHRM.genericPackage.InitObjects.getWebDriver()&amp;quot; is null">
      <![CDATA[java.lang.NullPointerException: Cannot invoke "org.openqa.selenium.WebDriver.get(String)" because the return value of "com.orangeHRM.genericPackage.InitObjects.getWebDriver()" is null
at stepDefinations.loginDefinations.users_should_be_navigate_to_by_opening_the_chrome_browser(loginDefinations.java:16)
at ✽.users should be navigate to "https://opensource-demo.orangehrmlive.com/web/index.php/auth/login" by opening the chrome browser(file:///E:/tanmayworkspace/OrangeHRMProject/Features/OrangeHRM.feature:23)
]]>
    </failure>
  </testcase> <!-- runScenario -->
</testsuite> <!-- Default test -->
